<?xml version="1.0" encoding="UTF-8"?>
<testng-results ignored="0" total="2" passed="2" failed="0" skipped="0">
  <reporter-output>
  </reporter-output>
  <suite started-at="2024-04-03T18:35:27 IST" name="Default suite" finished-at="2024-04-03T18:36:29 IST" duration-ms="61540">
    <groups>
    </groups>
    <test started-at="2024-04-03T18:35:27 IST" name="Default test" finished-at="2024-04-03T18:36:29 IST" duration-ms="61540">
      <class name="Test.TESTClass">
        <test-method signature="f(java.lang.String,java.lang.String)[pri:0, instance:Test.TESTClass@222545dc]" started-at="2024-04-03T18:35:27 IST" name="f" data-provider="dp" finished-at="2024-04-03T18:36:01 IST" duration-ms="34086" status="PASS">
          <params>
            <param index="0">
              <value>
                <![CDATA[Admin]]>
              </value>
            </param>
            <param index="1">
              <value>
                <![CDATA[admin123]]>
              </value>
            </param>
          </params>
          <reporter-output>
          </reporter-output>
        </test-method> <!-- f -->
        <test-method signature="f(java.lang.String,java.lang.String)[pri:0, instance:Test.TESTClass@222545dc]" started-at="2024-04-03T18:36:01 IST" name="f" data-provider="dp" finished-at="2024-04-03T18:36:28 IST" duration-ms="27209" status="PASS">
          <params>
            <param index="0">
              <value>
                <![CDATA[Test@12333]]>
              </value>
            </param>
            <param index="1">
              <value>
                <![CDATA[54254]]>
              </value>
            </param>
          </params>
          <reporter-output>
          </reporter-output>
        </test-method> <!-- f -->
      </class> <!-- Test.TESTClass -->
    </test> <!-- Default test -->
  </suite> <!-- Default suite -->
</testng-results>
